<?xml version="1.0" encoding="UTF-8"?>
<testng-results skipped="0" failed="1" total="3" passed="2">
  <reporter-output>
  </reporter-output>
  <suite name="Surefire suite" duration-ms="65742" started-at="2018-04-05T19:53:08Z" finished-at="2018-04-05T19:54:14Z">
    <groups>
    </groups>
    <test name="Surefire test" duration-ms="65742" started-at="2018-04-05T19:53:08Z" finished-at="2018-04-05T19:54:14Z">
      <class name="com.epam.ta.GitHubAutomationTest">
        <test-method status="PASS" signature="setUp()[pri:0, instance:com.epam.ta.GitHubAutomationTest@880ec60]" name="setUp" is-config="true" duration-ms="11858" started-at="2018-04-05T22:53:08Z" description="Init browser" finished-at="2018-04-05T22:53:20Z">
          <reporter-output>
          </reporter-output>
        </test-method> <!-- setUp -->
        <test-method status="PASS" signature="oneCanCreateProject()[pri:0, instance:com.epam.ta.GitHubAutomationTest@880ec60]" name="oneCanCreateProject" duration-ms="16393" started-at="2018-04-05T22:53:20Z" finished-at="2018-04-05T22:53:37Z">
          <reporter-output>
          </reporter-output>
        </test-method> <!-- oneCanCreateProject -->
        <test-method status="PASS" signature="stopBrowser()[pri:0, instance:com.epam.ta.GitHubAutomationTest@880ec60]" name="stopBrowser" is-config="true" duration-ms="673" started-at="2018-04-05T22:53:37Z" description="Stop Browser" finished-at="2018-04-05T22:53:37Z">
          <reporter-output>
          </reporter-output>
        </test-method> <!-- stopBrowser -->
        <test-method status="PASS" signature="setUp()[pri:0, instance:com.epam.ta.GitHubAutomationTest@880ec60]" name="setUp" is-config="true" duration-ms="5333" started-at="2018-04-05T22:53:37Z" description="Init browser" finished-at="2018-04-05T22:53:43Z">
          <reporter-output>
          </reporter-output>
        </test-method> <!-- setUp -->
        <test-method status="FAIL" signature="oneCanDeleteRepository()[pri:0, instance:com.epam.ta.GitHubAutomationTest@880ec60]" name="oneCanDeleteRepository" duration-ms="16145" started-at="2018-04-05T22:53:43Z" finished-at="2018-04-05T22:53:59Z">
          <exception class="org.openqa.selenium.NoSuchElementException">
            <message>
              <![CDATA[Unable to locate element: //input[@id='repository_name']
For documentation on this error, please visit: http://seleniumhq.org/exceptions/no_such_element.html
Build info: version: '3.7.1', revision: '8a0099a', time: '2017-11-06T21:01:39.354Z'
System info: host: 'MacBook-Pro-tp-user2.local', ip: 'fe80:0:0:0:1c7b:21cb:c5eb:b981%en0', os.name: 'Mac OS X', os.arch: 'x86_64', os.version: '10.12.6', java.version: '1.8.0_131'
Driver info: org.openqa.selenium.firefox.FirefoxDriver
Capabilities {acceptInsecureCerts: true, browserName: firefox, browserVersion: 59.0.2, javascriptEnabled: true, moz:accessibilityChecks: false, moz:headless: false, moz:processID: 43545, moz:profile: /var/folders/dz/97v38d613xg..., moz:useNonSpecCompliantPointerOrigin: false, moz:webdriverClick: true, pageLoadStrategy: normal, platform: MAC, platformName: MAC, platformVersion: 16.7.0, rotatable: false, timeouts: {implicit: 0, pageLoad: 300000, script: 30000}}
Session ID: 9eef6933-2e3e-f949-bef7-a7d30935e093
*** Element info: {Using=xpath, value=//input[@id='repository_name']}]]>
            </message>
            <full-stacktrace>
              <![CDATA[org.openqa.selenium.NoSuchElementException: Unable to locate element: //input[@id='repository_name']
For documentation on this error, please visit: http://seleniumhq.org/exceptions/no_such_element.html
Build info: version: '3.7.1', revision: '8a0099a', time: '2017-11-06T21:01:39.354Z'
System info: host: 'MacBook-Pro-tp-user2.local', ip: 'fe80:0:0:0:1c7b:21cb:c5eb:b981%en0', os.name: 'Mac OS X', os.arch: 'x86_64', os.version: '10.12.6', java.version: '1.8.0_131'
Driver info: org.openqa.selenium.firefox.FirefoxDriver
Capabilities {acceptInsecureCerts: true, browserName: firefox, browserVersion: 59.0.2, javascriptEnabled: true, moz:accessibilityChecks: false, moz:headless: false, moz:processID: 43545, moz:profile: /var/folders/dz/97v38d613xg..., moz:useNonSpecCompliantPointerOrigin: false, moz:webdriverClick: true, pageLoadStrategy: normal, platform: MAC, platformName: MAC, platformVersion: 16.7.0, rotatable: false, timeouts: {implicit: 0, pageLoad: 300000, script: 30000}}
Session ID: 9eef6933-2e3e-f949-bef7-a7d30935e093
*** Element info: {Using=xpath, value=//input[@id='repository_name']}
	at sun.reflect.NativeConstructorAccessorImpl.newInstance0(Native Method)
	at sun.reflect.NativeConstructorAccessorImpl.newInstance(NativeConstructorAccessorImpl.java:62)
	at sun.reflect.DelegatingConstructorAccessorImpl.newInstance(DelegatingConstructorAccessorImpl.java:45)
	at java.lang.reflect.Constructor.newInstance(Constructor.java:423)
	at org.openqa.selenium.remote.http.W3CHttpResponseCodec.createException(W3CHttpResponseCodec.java:187)
	at org.openqa.selenium.remote.http.W3CHttpResponseCodec.decode(W3CHttpResponseCodec.java:122)
	at org.openqa.selenium.remote.http.W3CHttpResponseCodec.decode(W3CHttpResponseCodec.java:49)
	at org.openqa.selenium.remote.HttpCommandExecutor.execute(HttpCommandExecutor.java:164)
	at org.openqa.selenium.remote.service.DriverCommandExecutor.execute(DriverCommandExecutor.java:83)
	at org.openqa.selenium.remote.RemoteWebDriver.execute(RemoteWebDriver.java:600)
	at org.openqa.selenium.remote.RemoteWebDriver.findElement(RemoteWebDriver.java:370)
	at org.openqa.selenium.remote.RemoteWebDriver.findElementByXPath(RemoteWebDriver.java:472)
	at org.openqa.selenium.By$ByXPath.findElement(By.java:361)
	at org.openqa.selenium.remote.RemoteWebDriver.findElement(RemoteWebDriver.java:362)
	at org.openqa.selenium.support.pagefactory.DefaultElementLocator.findElement(DefaultElementLocator.java:69)
	at org.openqa.selenium.support.pagefactory.internal.LocatingElementHandler.invoke(LocatingElementHandler.java:38)
	at com.sun.proxy.$Proxy23.sendKeys(Unknown Source)
	at com.epam.ta.pages.CreateNewRepositoryPage.createNewRepository(CreateNewRepositoryPage.java:62)
	at com.epam.ta.steps.Steps.deleteRepository(Steps.java:64)
	at com.epam.ta.GitHubAutomationTest.oneCanDeleteRepository(GitHubAutomationTest.java:41)
	at sun.reflect.NativeMethodAccessorImpl.invoke0(Native Method)
	at sun.reflect.NativeMethodAccessorImpl.invoke(NativeMethodAccessorImpl.java:62)
	at sun.reflect.DelegatingMethodAccessorImpl.invoke(DelegatingMethodAccessorImpl.java:43)
	at java.lang.reflect.Method.invoke(Method.java:498)
	at org.testng.internal.MethodInvocationHelper.invokeMethod(MethodInvocationHelper.java:84)
	at org.testng.internal.Invoker.invokeMethod(Invoker.java:714)
	at org.testng.internal.Invoker.invokeTestMethod(Invoker.java:901)
	at org.testng.internal.Invoker.invokeTestMethods(Invoker.java:1231)
	at org.testng.internal.TestMethodWorker.invokeTestMethods(TestMethodWorker.java:127)
	at org.testng.internal.TestMethodWorker.run(TestMethodWorker.java:111)
	at org.testng.TestRunner.privateRun(TestRunner.java:767)
	at org.testng.TestRunner.run(TestRunner.java:617)
	at org.testng.SuiteRunner.runTest(SuiteRunner.java:348)
	at org.testng.SuiteRunner.runSequentially(SuiteRunner.java:343)
	at org.testng.SuiteRunner.privateRun(SuiteRunner.java:305)
	at org.testng.SuiteRunner.run(SuiteRunner.java:254)
	at org.testng.SuiteRunnerWorker.runSuite(SuiteRunnerWorker.java:52)
	at org.testng.SuiteRunnerWorker.run(SuiteRunnerWorker.java:86)
	at org.testng.TestNG.runSuitesSequentially(TestNG.java:1224)
	at org.testng.TestNG.runSuitesLocally(TestNG.java:1149)
	at org.testng.TestNG.run(TestNG.java:1057)
	at org.apache.maven.surefire.testng.TestNGExecutor.run(TestNGExecutor.java:132)
	at org.apache.maven.surefire.testng.TestNGDirectoryTestSuite.executeSingleClass(TestNGDirectoryTestSuite.java:112)
	at org.apache.maven.surefire.testng.TestNGDirectoryTestSuite.execute(TestNGDirectoryTestSuite.java:99)
	at org.apache.maven.surefire.testng.TestNGProvider.invoke(TestNGProvider.java:147)
	at org.apache.maven.surefire.booter.ForkedBooter.invokeProviderInSameClassLoader(ForkedBooter.java:290)
	at org.apache.maven.surefire.booter.ForkedBooter.runSuitesInProcess(ForkedBooter.java:242)
	at org.apache.maven.surefire.booter.ForkedBooter.main(ForkedBooter.java:121)
]]>
            </full-stacktrace>
          </exception> <!-- org.openqa.selenium.NoSuchElementException -->
          <reporter-output>
          </reporter-output>
        </test-method> <!-- oneCanDeleteRepository -->
        <test-method status="PASS" signature="stopBrowser()[pri:0, instance:com.epam.ta.GitHubAutomationTest@880ec60]" name="stopBrowser" is-config="true" duration-ms="607" started-at="2018-04-05T22:53:59Z" description="Stop Browser" finished-at="2018-04-05T22:53:59Z">
          <reporter-output>
          </reporter-output>
        </test-method> <!-- stopBrowser -->
        <test-method status="PASS" signature="setUp()[pri:0, instance:com.epam.ta.GitHubAutomationTest@880ec60]" name="setUp" is-config="true" duration-ms="5511" started-at="2018-04-05T22:53:59Z" description="Init browser" finished-at="2018-04-05T22:54:05Z">
          <reporter-output>
          </reporter-output>
        </test-method> <!-- setUp -->
        <test-method status="PASS" signature="oneCanLoginGithub()[pri:0, instance:com.epam.ta.GitHubAutomationTest@880ec60]" name="oneCanLoginGithub" duration-ms="8641" started-at="2018-04-05T22:54:05Z" description="Login to Github" finished-at="2018-04-05T22:54:14Z">
          <reporter-output>
          </reporter-output>
        </test-method> <!-- oneCanLoginGithub -->
        <test-method status="PASS" signature="stopBrowser()[pri:0, instance:com.epam.ta.GitHubAutomationTest@880ec60]" name="stopBrowser" is-config="true" duration-ms="557" started-at="2018-04-05T22:54:14Z" description="Stop Browser" finished-at="2018-04-05T22:54:14Z">
          <reporter-output>
          </reporter-output>
        </test-method> <!-- stopBrowser -->
      </class> <!-- com.epam.ta.GitHubAutomationTest -->
    </test> <!-- Surefire test -->
  </suite> <!-- Surefire suite -->
</testng-results>
