<?xml version="1.0" encoding="UTF-8"?>
<testsuite xmlns:xsi="http://www.w3.org/2001/XMLSchema-instance" xsi:schemaLocation="https://maven.apache.org/surefire/maven-surefire-plugin/xsd/surefire-test-report.xsd" name="com.epam.ta.GitHubAutomationTest" time="76.047" tests="3" errors="0" skipped="0" failures="1">
  <properties>
[...]
</properties>
  <testcase name="oneCanCreateProject" classname="com.epam.ta.GitHubAutomationTest" time="16.393"/>
  <testcase name="oneCanDeleteRepository" classname="com.epam.ta.GitHubAutomationTest" time="16.154">
    <failure message="Unable to locate element: //input[@id=&apos;repository_name&apos;]&#10;For documentation on this error, please visit: http://seleniumhq.org/exceptions/no_such_element.html&#10;Build info: version: &apos;3.7.1&apos;, revision: &apos;8a0099a&apos;, time: &apos;2017-11-06T21:01:39.354Z&apos;&#10;System info: host: &apos;MacBook-Pro-tp-user2.local&apos;, ip: &apos;fe80:0:0:0:1c7b:21cb:c5eb:b981%en0&apos;, os.name: &apos;Mac OS X&apos;, os.arch: &apos;x86_64&apos;, os.version: &apos;10.12.6&apos;, java.version: &apos;1.8.0_131&apos;&#10;Driver info: org.openqa.selenium.firefox.FirefoxDriver&#10;Capabilities {acceptInsecureCerts: true, browserName: firefox, browserVersion: 59.0.2, javascriptEnabled: true, moz:accessibilityChecks: false, moz:headless: false, moz:processID: 43545, moz:profile: /var/folders/dz/97v38d613xg..., moz:useNonSpecCompliantPointerOrigin: false, moz:webdriverClick: true, pageLoadStrategy: normal, platform: MAC, platformName: MAC, platformVersion: 16.7.0, rotatable: false, timeouts: {implicit: 0, pageLoad: 300000, script: 30000}}&#10;Session ID: 9eef6933-2e3e-f949-bef7-a7d30935e093&#10;*** Element info: {Using=xpath, value=//input[@id=&apos;repository_name&apos;]}" type="org.openqa.selenium.NoSuchElementException">org.openqa.selenium.NoSuchElementException: 
Unable to locate element: //input[@id='repository_name']
For documentation on this error, please visit: http://seleniumhq.org/exceptions/no_such_element.html
Build info: version: '3.7.1', revision: '8a0099a', time: '2017-11-06T21:01:39.354Z'
System info: host: 'MacBook-Pro-tp-user2.local', ip: 'fe80:0:0:0:1c7b:21cb:c5eb:b981%en0', os.name: 'Mac OS X', os.arch: 'x86_64', os.version: '10.12.6', java.version: '1.8.0_131'
Driver info: org.openqa.selenium.firefox.FirefoxDriver
Capabilities {acceptInsecureCerts: true, browserName: firefox, browserVersion: 59.0.2, javascriptEnabled: true, moz:accessibilityChecks: false, moz:headless: false, moz:processID: 43545, moz:profile: /var/folders/dz/97v38d613xg..., moz:useNonSpecCompliantPointerOrigin: false, moz:webdriverClick: true, pageLoadStrategy: normal, platform: MAC, platformName: MAC, platformVersion: 16.7.0, rotatable: false, timeouts: {implicit: 0, pageLoad: 300000, script: 30000}}
Session ID: 9eef6933-2e3e-f949-bef7-a7d30935e093
*** Element info: {Using=xpath, value=//input[@id='repository_name']}
	at com.epam.ta.GitHubAutomationTest.oneCanDeleteRepository(GitHubAutomationTest.java:41)
</failure>
    <system-out><![CDATA[2018-04-05 22:53:43,159 INFO  [main] com.epam.ta.driver.DriverSingleton.getDriver(DriverSingleton.java:30) Browser started
2018-04-05 22:53:47,601 INFO  [main] com.epam.ta.pages.LoginPage.openPage(LoginPage.java:37) Login page opened
2018-04-05 22:53:49,274 INFO  [main] com.epam.ta.pages.LoginPage.login(LoginPage.java:45) Login performed
]]></system-out>
    <system-err><![CDATA[1522958017246	addons.productaddons	WARN	Failed downloading XML, status: 0, reason: error

###!!! [Child][RunMessage] Error: Channel closing: too late to send/recv, messages will be lost

1522958017260	addons.productaddons	WARN	Failed downloading via XHR, status: 0, reason: error
1522958017260	addons.productaddons	WARN	Failed downloading via XHR, status: 0, reason: error
*** UTM:SVC TimerManager:registerTimer called after profile-before-change notification. Ignoring timer registration for id: telemetry_modules_ping
1522958017759	geckodriver::marionette	ERROR	Failed to stop browser process
1522958017841	geckodriver	INFO	geckodriver 0.20.0
1522958017851	geckodriver	INFO	Listening on 127.0.0.1:36628
1522958017861	mozrunner::runner	INFO	Running command: "/Applications/Firefox.app/Contents/MacOS/firefox-bin" "-marionette" "-profile" "/var/folders/dz/97v38d613xg63qh_shzwsjj00000gp/T/rust_mozprofile.hsnQIM0g0YVc"
1522958018372	Marionette	INFO	Enabled via --marionette
2018-04-05 22:53:39.130 plugin-container[43546:4295442] *** CFMessagePort: bootstrap_register(): failed 1100 (0x44c) 'Permission denied', port = 0xa42f, name = 'com.apple.tsm.portname'
See /usr/include/servers/bootstrap_defs.h for the error codes.
1522958019520	Marionette	INFO	Listening on port 53618
1522958019538	Marionette	WARN	TLS certificate errors will be ignored for this session
Apr 05, 2018 10:53:39 PM org.openqa.selenium.remote.ProtocolHandshake createSession
INFO: Detected dialect: W3C
2018-04-05 22:53:39.997 plugin-container[43547:4295514] *** CFMessagePort: bootstrap_register(): failed 1100 (0x44c) 'Permission denied', port = 0x9d33, name = 'com.apple.tsm.portname'
See /usr/include/servers/bootstrap_defs.h for the error codes.
]]></system-err>
  </testcase>
  <testcase name="oneCanLoginGithub" classname="com.epam.ta.GitHubAutomationTest" time="8.641"/>
</testsuite>